16
15
16
23
17
20
56
17
23
16
37
16
19
578
26
3270
16
201
19
7474
20
299
21
8300
13
13
19
1234
18
47
19
992
116
17
16
15
19
19
18
12
20
18
17
27
19
17
20
15
11
17
18
17
22
3818
13
1389
18
10
15
140
2650
20
18
22
15
20
15
17
15
18
112
14
20
20
17
1032
17
17
14
16
19
19
15
957
18
20
17
13
32
20
75
2812
10
16
19
19
17
20
19
17
20
19
16
22
13
739
12
17
33
18
18
17
60
15
19
33
18
18
18
15
2748
20
15
12
18
18
18
1240
19
598
17
17
17
15
22
16
15
15
37
17
19
17
19
21
18
17
2111
33
23
16
17
19
20
16
5834
33
74
22
718
17
42
1427
339
397
1842
15
16
14
18
14
24
19785
19
16
19
24
15
19
12
16
17
17
19
20
1411
16
14
16
520
18
17
18
16
18
18
824
57
963
17
15
400
20
24
20
385
1223
16
18
450
16
18
27
1386
16
20
18
16
17
14
18
1002
15
15
16
75
641
1531
18
22
14
519
23
21
17
13
16
184
26
13
12
27
18
25
16
23
16
17
17
16
19
21
16
14
17
1550
18
105
18
976
15
274
17
503
16
16
17
18
13
1622
15
18
21
13
15
16
23
18
15
1137
18
48
16
17
15
16
15
14
473
9
21
70
716
9947
18
18
18
15
659
15
45
14
17
17
15
17
716
15
18
625
13
830
65
28
17
21
850
19
143
676
17
12
1144
18
22
12
17
21
16
16
17
23
19
13
19
13106
15
16
18
1526
17
16
19
16
18
23
30
39
16
8
4008
19
15
17
18
5662
19
21
12
15
19
18
19
16
2232
16
44
13
14
33
13
20
18
15
563
1308
17
15
1285
20
19
2167
17
26
16
17
16
16
19
14
15
18
27252
18
12
19
16
20
14
17
23
14
63
16
18
18
17
18
29
17
16
20
17
14
14
1481
12
18
17
19
18
19
22
927
14
24
15
15
31
18
14
18
26
17
19
16
19
16
17
19
19
14
20
19
15
18
19
18
16
18
9
14
1398
16
14
19
44
21
15
15
75
18
17
15
795
19
16
15
18
2370
417
1104
23
13
16
18
16
18
10600
21
273
20
114
14
48
20
5221
16
17
1662
17
1427
13
16
18
16
22
27
17
12
43
